#
# A fatal error has been detected by the Java Runtime Environment:
#
#  Internal Error (synchronizer.cpp:1428), pid=6320, tid=6524
#  guarantee(obj->mark() == markOopDesc::encode(mid)) failed: invariant
#
# JRE version: Java(TM) SE Runtime Environment (8.0_31-b13) (build 1.8.0_31-b13)
# Java VM: Java HotSpot(TM) Client VM (25.31-b07 mixed mode windows-x86 )
# Failed to write core dump. Minidumps are not enabled by default on client versions of Windows
#
# If you would like to submit a bug report, please visit:
#   http://bugreport.java.com/bugreport/crash.jsp
#

---------------  T H R E A D  ---------------

Current thread (0x14c77800):  VMThread [stack: 0x023d0000,0x02420000] [id=6524]

Stack: [0x023d0000,0x02420000],  sp=0x0241f2b8,  free space=316k
Native frames: (J=compiled Java code, j=interpreted, Vv=VM code, C=native code)
V  [jvm.dll+0x197b8b]
V  [jvm.dll+0x1909a5]
V  [jvm.dll+0x162f32]
V  [jvm.dll+0x163333]
V  [jvm.dll+0x1567b3]
V  [jvm.dll+0x157b30]
V  [jvm.dll+0x16ed05]
V  [jvm.dll+0x16ef12]
V  [jvm.dll+0x1af0a6]
C  [msvcr100.dll+0x5c556]
C  [msvcr100.dll+0x5c600]
C  [kernel32.dll+0x1338a]
C  [ntdll.dll+0x39f72]
C  [ntdll.dll+0x39f45]

VM_Operation (0x159af48c): ChangeSingleStep, mode: safepoint, requested by thread 0x14ccc000


---------------  P R O C E S S  ---------------

Java Threads: ( => current thread )
  0x14df3000 JavaThread "" daemon [_thread_blocked, id=3864, stack(0x1c130000,0x1c180000)]
  0x14df2c00 JavaThread "Timer-14" [_thread_blocked, id=5432, stack(0x1c0d0000,0x1c120000)]
  0x14df2400 JavaThread "Timer-13" [_thread_blocked, id=1740, stack(0x1bd80000,0x1bdd0000)]
  0x14df2000 JavaThread "Timer-12" [_thread_blocked, id=2720, stack(0x1bed0000,0x1bf20000)]
  0x14df1800 JavaThread "Timer-11" [_thread_blocked, id=5836, stack(0x1be30000,0x1be80000)]
  0x14df1000 JavaThread "Timer-10" [_thread_blocked, id=5144, stack(0x1bd30000,0x1bd80000)]
  0x197ff800 JavaThread "Timer-9" [_thread_blocked, id=5620, stack(0x1b9d0000,0x1ba20000)]
  0x197ff400 JavaThread "Timer-8" [_thread_blocked, id=808, stack(0x1ba50000,0x1baa0000)]
  0x197fec00 JavaThread "Timer-7" [_thread_blocked, id=2128, stack(0x1bab0000,0x1bb00000)]
  0x19800c00 JavaThread "Timer-6" [_thread_blocked, id=3332, stack(0x1b930000,0x1b980000)]
  0x197f7000 JavaThread "Timer-5" [_thread_blocked, id=4092, stack(0x1b840000,0x1b890000)]
  0x197f6800 JavaThread "Timer-4" [_thread_blocked, id=5392, stack(0x193a0000,0x193f0000)]
  0x19928800 JavaThread "Timer-3" [_thread_blocked, id=6264, stack(0x190d0000,0x19120000)]
  0x1988bc00 JavaThread "Timer-2" [_thread_blocked, id=3180, stack(0x15a80000,0x15ad0000)]
  0x19928000 JavaThread "Timer-1" [_thread_blocked, id=4508, stack(0x19290000,0x192e0000)]
  0x19927800 JavaThread "LWJGL Timer" daemon [_thread_blocked, id=6256, stack(0x19050000,0x190a0000)]
  0x19934400 JavaThread "Timer-0" [_thread_blocked, id=5880, stack(0x1a9b0000,0x1aa00000)]
  0x14cf4000 JavaThread "Service Thread" daemon [_thread_blocked, id=6500, stack(0x15bf0000,0x15c40000)]
  0x14cd5400 JavaThread "C1 CompilerThread0" daemon [_thread_blocked, id=6464, stack(0x150a0000,0x150f0000)]
  0x14ccf400 JavaThread "JDWP Command Reader" daemon [_thread_in_native, id=6288, stack(0x159f0000,0x15a40000)]
  0x14cce400 JavaThread "JDWP Event Helper Thread" daemon [_thread_blocked, id=6456, stack(0x14f70000,0x14fc0000)]
  0x14ccc000 JavaThread "JDWP Transport Listener: dt_socket" daemon [_thread_blocked, id=6540, stack(0x15960000,0x159b0000)]
  0x14cbd400 JavaThread "Attach Listener" daemon [_thread_blocked, id=6488, stack(0x14fc0000,0x15010000)]
  0x14cba400 JavaThread "Signal Dispatcher" daemon [_thread_blocked, id=6492, stack(0x15110000,0x15160000)]
  0x14c81c00 JavaThread "Finalizer" daemon [_thread_blocked, id=3976, stack(0x15050000,0x150a0000)]
  0x14c7c400 JavaThread "Reference Handler" daemon [_thread_blocked, id=6280, stack(0x14e80000,0x14ed0000)]
  0x0028c800 JavaThread "main" [_thread_blocked, id=6292, stack(0x02370000,0x023c0000)]

Other Threads:
=>0x14c77800 VMThread [stack: 0x023d0000,0x02420000] [id=6524]
  0x14cf5400 WatcherThread [stack: 0x15b90000,0x15be0000] [id=6444]

VM state:at safepoint (normal execution)

VM Mutex/Monitor currently owned by a thread:  ([mutex/lock_event])
[0x0028ac50] Safepoint_lock - owner thread: 0x14c77800
[0x0028acb8] Threads_lock - owner thread: 0x14c77800
[0x0028b3a0] JvmtiThreadState_lock - owner thread: 0x14ccc000

Heap:
 def new generation   total 4928K, used 4410K [0x04800000, 0x04d50000, 0x09d50000)
  eden space 4416K,  93% used [0x04800000, 0x04c0cab8, 0x04c50000)
  from space 512K,  51% used [0x04c50000, 0x04c920b0, 0x04cd0000)
  to   space 512K,   0% used [0x04cd0000, 0x04cd0000, 0x04d50000)
 tenured generation   total 10944K, used 1526K [0x09d50000, 0x0a800000, 0x14800000)
   the space 10944K,  13% used [0x09d50000, 0x09ecdaf0, 0x09ecdc00, 0x0a800000)
 Metaspace       used 3458K, capacity 3521K, committed 3648K, reserved 4480K

Card table byte_map: [0x009d0000,0x00a60000] byte_map_base: 0x009ac000

Polling page: 0x00190000

CodeCache: size=32768Kb used=973Kb max_used=973Kb free=31794Kb
 bounds [0x027b0000, 0x028a8000, 0x047b0000]
 total_blobs=398 nmethods=195 adapters=143
 compilation: enabled

Compilation events (10 events):
Event: 1.172 Thread 0x14cd5400  187             org.lwjgl.opengl.GL11::glEnable (19 bytes)
Event: 1.173 Thread 0x14cd5400 nmethod 187 0x028a12c8 code [0x028a1410, 0x028a1650]
Event: 1.173 Thread 0x14cd5400  189             org.lwjgl.opengl.GL11::glTranslatef (24 bytes)
Event: 1.173 Thread 0x14cd5400 nmethod 189 0x028a1948 code [0x028a1a90, 0x028a1cf0]
Event: 1.176 Thread 0x14cd5400  191             org.lwjgl.opengl.GL11::glBegin (19 bytes)
Event: 1.176 Thread 0x14cd5400 nmethod 191 0x028a22c8 code [0x028a2410, 0x028a2650]
Event: 1.179 Thread 0x14cd5400  193             org.lwjgl.opengl.GL11::glEnd (18 bytes)
Event: 1.179 Thread 0x14cd5400 nmethod 193 0x028a2bc8 code [0x028a2d10, 0x028a2f50]
Event: 1.182 Thread 0x14cd5400  195             co.uk.RandomPanda30.Tiles.Tile::draw (24 bytes)
Event: 1.183 Thread 0x14cd5400 nmethod 195 0x028a3488 code [0x028a3580, 0x028a363c]

GC Heap History (4 events):
Event: 0.616 GC heap before
{Heap before GC invocations=0 (full 0):
 def new generation   total 4928K, used 4416K [0x04800000, 0x04d50000, 0x09d50000)
  eden space 4416K, 100% used [0x04800000, 0x04c50000, 0x04c50000)
  from space 512K,   0% used [0x04c50000, 0x04c50000, 0x04cd0000)
  to   space 512K,   0% used [0x04cd0000, 0x04cd0000, 0x04d50000)
 tenured generation   total 10944K, used 0K [0x09d50000, 0x0a800000, 0x14800000)
   the space 10944K,   0% used [0x09d50000, 0x09d50000, 0x09d50200, 0x0a800000)
 Metaspace       used 3162K, capacity 3201K, committed 3264K, reserved 4480K
Event: 0.620 GC heap after
Heap after GC invocations=1 (full 0):
 def new generation   total 4928K, used 512K [0x04800000, 0x04d50000, 0x09d50000)
  eden space 4416K,   0% used [0x04800000, 0x04800000, 0x04c50000)
  from space 512K, 100% used [0x04cd0000, 0x04d50000, 0x04d50000)
  to   space 512K,   0% used [0x04c50000, 0x04c50000, 0x04cd0000)
 tenured generation   total 10944K, used 1028K [0x09d50000, 0x0a800000, 0x14800000)
   the space 10944K,   9% used [0x09d50000, 0x09e51048, 0x09e51200, 0x0a800000)
 Metaspace       used 3162K, capacity 3201K, committed 3264K, reserved 4480K
}
Event: 0.876 GC heap before
{Heap before GC invocations=1 (full 0):
 def new generation   total 4928K, used 4928K [0x04800000, 0x04d50000, 0x09d50000)
  eden space 4416K, 100% used [0x04800000, 0x04c50000, 0x04c50000)
  from space 512K, 100% used [0x04cd0000, 0x04d50000, 0x04d50000)
  to   space 512K,   0% used [0x04c50000, 0x04c50000, 0x04cd0000)
 tenured generation   total 10944K, used 1028K [0x09d50000, 0x0a800000, 0x14800000)
   the space 10944K,   9% used [0x09d50000, 0x09e51048, 0x09e51200, 0x0a800000)
 Metaspace       used 3411K, capacity 3457K, committed 3520K, reserved 4480K
Event: 0.878 GC heap after
Heap after GC invocations=2 (full 0):
 def new generation   total 4928K, used 264K [0x04800000, 0x04d50000, 0x09d50000)
  eden space 4416K,   0% used [0x04800000, 0x04800000, 0x04c50000)
  from space 512K,  51% used [0x04c50000, 0x04c920b0, 0x04cd0000)
  to   space 512K,   0% used [0x04cd0000, 0x04cd0000, 0x04d50000)
 tenured generation   total 10944K, used 1526K [0x09d50000, 0x0a800000, 0x14800000)
   the space 10944K,  13% used [0x09d50000, 0x09ecdaf0, 0x09ecdc00, 0x0a800000)
 Metaspace       used 3411K, capacity 3457K, committed 3520K, reserved 4480K
}

Deoptimization events (0 events):
No events

Internal exceptions (10 events):
Event: 1.040 Thread 0x0028c800 Exception <a 'java/security/PrivilegedActionException'> (0x04b28208) thrown at [C:\re\workspace\8-2-build-windows-i586-cygwin\jdk8u31\2394\hotspot\src\share\vm\prims\jvm.cpp, line 1312]
Event: 1.042 Thread 0x0028c800 Exception <a 'java/security/PrivilegedActionException'> (0x04b30e50) thrown at [C:\re\workspace\8-2-build-windows-i586-cygwin\jdk8u31\2394\hotspot\src\share\vm\prims\jvm.cpp, line 1312]
Event: 1.047 Thread 0x0028c800 Exception <a 'java/security/PrivilegedActionException'> (0x04b32c88) thrown at [C:\re\workspace\8-2-build-windows-i586-cygwin\jdk8u31\2394\hotspot\src\share\vm\prims\jvm.cpp, line 1312]
Event: 1.053 Thread 0x0028c800 Exception <a 'java/security/PrivilegedActionException'> (0x04b3bed8) thrown at [C:\re\workspace\8-2-build-windows-i586-cygwin\jdk8u31\2394\hotspot\src\share\vm\prims\jvm.cpp, line 1312]
Event: 1.054 Thread 0x0028c800 Exception <a 'java/security/PrivilegedActionException'> (0x04b3d3e8) thrown at [C:\re\workspace\8-2-build-windows-i586-cygwin\jdk8u31\2394\hotspot\src\share\vm\prims\jvm.cpp, line 1312]
Event: 1.055 Thread 0x0028c800 Exception <a 'java/security/PrivilegedActionException'> (0x04b3f0e8) thrown at [C:\re\workspace\8-2-build-windows-i586-cygwin\jdk8u31\2394\hotspot\src\share\vm\prims\jvm.cpp, line 1312]
Event: 1.080 Thread 0x0028c800 Exception <a 'java/security/PrivilegedActionException'> (0x04b40ba0) thrown at [C:\re\workspace\8-2-build-windows-i586-cygwin\jdk8u31\2394\hotspot\src\share\vm\prims\jvm.cpp, line 1312]
Event: 1.080 Thread 0x0028c800 Exception <a 'java/security/PrivilegedActionException'> (0x04b43d30) thrown at [C:\re\workspace\8-2-build-windows-i586-cygwin\jdk8u31\2394\hotspot\src\share\vm\prims\jvm.cpp, line 1312]
Event: 1.081 Thread 0x0028c800 Exception <a 'java/security/PrivilegedActionException'> (0x04b51f18) thrown at [C:\re\workspace\8-2-build-windows-i586-cygwin\jdk8u31\2394\hotspot\src\share\vm\prims\jvm.cpp, line 1312]
Event: 1.315 Thread 0x0028c800 Exception <a 'java/lang/ArrayIndexOutOfBoundsException': -1> (0x04b59470) thrown at [C:\re\workspace\8-2-build-windows-i586-cygwin\jdk8u31\2394\hotspot\src\share\vm\interpreter\interpreterRuntime.cpp, line 366]

Events (10 events):
Event: 2.019 Executing VM operation: GetOrSetLocal done
Event: 4.451 Executing VM operation: EnableBiasedLocking
Event: 4.451 Executing VM operation: EnableBiasedLocking done
Event: 17.451 Executing VM operation: GetCurrentLocation
Event: 17.451 Executing VM operation: GetCurrentLocation done
Event: 17.451 Executing VM operation: EnterInterpOnlyMode
Event: 17.451 Executing VM operation: EnterInterpOnlyMode done
Event: 17.451 Executing VM operation: ChangeSingleStep
Event: 17.451 Executing VM operation: ChangeSingleStep done
Event: 17.451 Executing VM operation: ChangeSingleStep


Dynamic libraries:
0x00f10000 - 0x00f40000 	E:\Programming\Java\bin\javaw.exe
0x77210000 - 0x77390000 	C:\Windows\SysWOW64\ntdll.dll
0x76c80000 - 0x76d90000 	C:\Windows\syswow64\kernel32.dll
0x76920000 - 0x76967000 	C:\Windows\syswow64\KERNELBASE.dll
0x75230000 - 0x752d0000 	C:\Windows\syswow64\ADVAPI32.dll
0x76270000 - 0x7631c000 	C:\Windows\syswow64\msvcrt.dll
0x76730000 - 0x76749000 	C:\Windows\SysWOW64\sechost.dll
0x74fc0000 - 0x750b0000 	C:\Windows\syswow64\RPCRT4.dll
0x74c30000 - 0x74c90000 	C:\Windows\syswow64\SspiCli.dll
0x74c20000 - 0x74c2c000 	C:\Windows\syswow64\CRYPTBASE.dll
0x76b80000 - 0x76c80000 	C:\Windows\syswow64\USER32.dll
0x752d0000 - 0x75360000 	C:\Windows\syswow64\GDI32.dll
0x76b60000 - 0x76b6a000 	C:\Windows\syswow64\LPK.dll
0x76870000 - 0x7690d000 	C:\Windows\syswow64\USP10.dll
0x733a0000 - 0x7353e000 	C:\Windows\WinSxS\x86_microsoft.windows.common-controls_6595b64144ccf1df_6.0.7601.17514_none_41e6975e2bd6f2b2\COMCTL32.dll
0x755b0000 - 0x75607000 	C:\Windows\syswow64\SHLWAPI.dll
0x74f60000 - 0x74fc0000 	C:\Windows\system32\IMM32.DLL
0x76330000 - 0x763fc000 	C:\Windows\syswow64\MSCTF.dll
0x74b70000 - 0x74bb6000 	C:\PROGRA~2\Sophos\SOPHOS~1\SOPHOS~1.DLL
0x75440000 - 0x75445000 	C:\Windows\syswow64\PSAPI.DLL
0x71370000 - 0x7142f000 	E:\Programming\Java\jre\bin\msvcr100.dll
0x6e9d0000 - 0x6ed74000 	E:\Programming\Java\jre\bin\client\jvm.dll
0x72cc0000 - 0x72cc7000 	C:\Windows\system32\WSOCK32.dll
0x766f0000 - 0x76725000 	C:\Windows\syswow64\WS2_32.dll
0x74ee0000 - 0x74ee6000 	C:\Windows\syswow64\NSI.dll
0x735a0000 - 0x735d2000 	C:\Windows\system32\WINMM.dll
0x71360000 - 0x7136c000 	E:\Programming\Java\jre\bin\verify.dll
0x71330000 - 0x71351000 	E:\Programming\Java\jre\bin\java.dll
0x70710000 - 0x70739000 	E:\Programming\Java\jre\bin\jdwp.dll
0x70700000 - 0x70707000 	E:\Programming\Java\jre\bin\npt.dll
0x71310000 - 0x71323000 	E:\Programming\Java\jre\bin\zip.dll
0x75610000 - 0x7625a000 	C:\Windows\syswow64\SHELL32.dll
0x75450000 - 0x755ac000 	C:\Windows\syswow64\ole32.dll
0x76320000 - 0x7632b000 	C:\Windows\syswow64\profapi.dll
0x706f0000 - 0x706f8000 	E:\Programming\Java\jre\bin\dt_socket.dll
0x727d0000 - 0x727e0000 	C:\Windows\system32\NLAapi.dll
0x727c0000 - 0x727d0000 	C:\Windows\system32\napinsp.dll
0x727a0000 - 0x727b2000 	C:\Windows\system32\pnrpnsp.dll
0x72f20000 - 0x72f5c000 	C:\Windows\System32\mswsock.dll
0x72e80000 - 0x72ec4000 	C:\Windows\system32\DNSAPI.dll
0x72790000 - 0x72798000 	C:\Windows\System32\winrnr.dll
0x725f0000 - 0x72617000 	C:\Program Files (x86)\Common Files\Microsoft Shared\Windows Live\WLIDNSP.DLL
0x73e80000 - 0x73e9c000 	C:\Windows\system32\IPHLPAPI.DLL
0x73e70000 - 0x73e77000 	C:\Windows\system32\WINNSI.DLL
0x725b0000 - 0x725e8000 	C:\Windows\System32\fwpuclnt.dll
0x725a0000 - 0x725a6000 	C:\Windows\system32\rasadhlp.dll
0x60850000 - 0x60872000 	C:\Program Files (x86)\Common Files\NSL\nslsp.dll
0x73d50000 - 0x73d59000 	C:\Windows\system32\VERSION.dll
0x72f10000 - 0x72f15000 	C:\Windows\System32\wshtcpip.dll
0x047b0000 - 0x047ff000 	E:\Programming\Libs\LWJGL 2\native\windows\lwjgl.dll
0x70620000 - 0x706e8000 	C:\Windows\system32\OPENGL32.dll
0x705f0000 - 0x70612000 	C:\Windows\system32\GLU32.dll
0x70500000 - 0x705e7000 	C:\Windows\system32\DDRAW.dll
0x704f0000 - 0x704f6000 	C:\Windows\system32\DCIMAN32.dll
0x74d40000 - 0x74edd000 	C:\Windows\syswow64\SETUPAPI.dll
0x75370000 - 0x75397000 	C:\Windows\syswow64\CFGMGR32.dll
0x76610000 - 0x7669f000 	C:\Windows\syswow64\OLEAUT32.dll
0x750b0000 - 0x750c2000 	C:\Windows\syswow64\DEVOBJ.dll
0x722c0000 - 0x722d3000 	C:\Windows\system32\dwmapi.dll
0x70740000 - 0x707c0000 	C:\Windows\system32\uxtheme.dll
0x71c30000 - 0x71c3f000 	C:\Program Files\Future Digital\AppExtractHook32.dll
0x71960000 - 0x719d1000 	C:\Windows\system32\MSVCP120.dll
0x71870000 - 0x7195e000 	C:\Windows\system32\MSVCR120.dll
0x00300000 - 0x00327000 	C:\Program Files (x86)\Ranger Remote Control\pciappctrl.dll
0x71f80000 - 0x71f9f000 	C:\Program Files (x86)\Common Files\NSL\NSCommonHook.dll
0x72bc0000 - 0x72cab000 	C:\Windows\system32\dbghelp.dll
0x16200000 - 0x167fd000 	C:\Windows\system32\ig75icd32.dll
0x6e660000 - 0x6e9c4000 	C:\Windows\system32\igdusc32.dll
0x71100000 - 0x71179000 	C:\Windows\system32\mscms.dll
0x74d20000 - 0x74d37000 	C:\Windows\syswow64\USERENV.dll
0x704b0000 - 0x704e8000 	C:\Windows\system32\icm32.dll
0x17310000 - 0x17375000 	E:\Programming\Libs\LWJGL 2\native\windows\OpenAL32.dll
0x753b0000 - 0x75433000 	C:\Windows\syswow64\CLBCatQ.DLL
0x72a30000 - 0x72a69000 	C:\Windows\System32\MMDevApi.dll
0x72a70000 - 0x72b65000 	C:\Windows\System32\PROPSYS.dll
0x71460000 - 0x714d2000 	C:\Windows\system32\dsound.dll
0x71430000 - 0x71455000 	C:\Windows\system32\POWRPROF.dll
0x70360000 - 0x704a6000 	E:\Programming\Java\jre\bin\awt.dll

VM Arguments:
jvm_args: -agentlib:jdwp=transport=dt_socket,suspend=y,address=localhost:50118 -Djava.library.path=E:\Programming\Libs\LWJGL 2\native\windows -Dfile.encoding=Cp1252 
java_command: co.uk.RandomPanda30.Mowve.Mowve
java_class_path (initial): E:\Programming\Projects\Mowve\bin;E:\Programming\Libs\LWJGL 2\jar\lwjgl.jar;E:\Programming\Libs\LWJGL 2\jar\lwjgl_test.jar;E:\Programming\Libs\LWJGL 2\jar\lwjgl_util.jar;E:\Programming\Libs\LWJGL 2\jar\lwjgl-debug.jar;E:\Programming\Libs\LWJGL 2\slick-util.jar
Launcher Type: SUN_STANDARD

Environment Variables:
CLASSPATH=.;C:\Program Files (x86)\Java\jre7\lib\ext\QTJava.zip
PATH=E:\Programming\Java\jre\bin;C:\Program Files\Common Files\Microsoft Shared\Windows Live;C:\Program Files (x86)\Common Files\Microsoft Shared\Windows Live;C:\Program Files (x86)\Intel\iCLS Client\;C:\Program Files\Intel\iCLS Client\;C:\Windows\system32;C:\Windows;C:\Windows\System32\Wbem;C:\Windows\System32\WindowsPowerShell\v1.0\;C:\Program Files\Intel\Intel(R) Management Engine Components\DAL;C:\Program Files\Intel\Intel(R) Management Engine Components\IPT;C:\Program Files (x86)\Intel\Intel(R) Management Engine Components\DAL;C:\Program Files (x86)\Intel\Intel(R) Management Engine Components\IPT;C:\Program Files (x86)\QuickTime\QTSystem\;C:\Program Files (x86)\Windows Live\Shared
USERNAME=c15bradyc
OS=Windows_NT
PROCESSOR_IDENTIFIER=Intel64 Family 6 Model 60 Stepping 3, GenuineIntel



---------------  S Y S T E M  ---------------

OS: Windows 7 , 64 bit Build 7601 Service Pack 1

CPU:total 4 (2 cores per cpu, 2 threads per core) family 6 model 60 stepping 3, cmov, cx8, fxsr, mmx, sse, sse2, sse3, ssse3, sse4.1, sse4.2, popcnt, avx, avx2, aes, clmul, erms, lzcnt, ht, tsc, tscinvbit, bmi1, bmi2

Memory: 4k page, physical 4095888k(1970156k free), swap 8189916k(5860768k free)

vm_info: Java HotSpot(TM) Client VM (25.31-b07) for windows-x86 JRE (1.8.0_31-b13), built on Dec 17 2014 20:46:12 by "java_re" with MS VC++ 10.0 (VS2010)

time: Thu Feb 05 12:44:43 2015
elapsed time: 17 seconds (0d 0h 0m 17s)

